c:\users\james.creaton\desktop\ai framework\debug\vc140.pdb
c:\users\james.creaton\desktop\ai framework\debug\vc140.idb
c:\users\james.creaton\desktop\ai framework\debug\agent.obj
c:\users\james.creaton\desktop\ai framework\debug\baseapplication.obj
c:\users\james.creaton\desktop\ai framework\debug\baseentity.obj
c:\users\james.creaton\desktop\ai framework\debug\collisionmanager.obj
c:\users\james.creaton\desktop\ai framework\debug\entitymanager.obj
c:\users\james.creaton\desktop\ai framework\debug\font.obj
c:\users\james.creaton\desktop\ai framework\debug\graphnode.obj
c:\users\james.creaton\desktop\ai framework\debug\ibehaviour.obj
c:\users\james.creaton\desktop\ai framework\debug\inputmanager.obj
c:\users\james.creaton\desktop\ai framework\debug\main.obj
c:\users\james.creaton\desktop\ai framework\debug\player.obj
c:\users\james.creaton\desktop\ai framework\debug\polygon.obj
c:\users\james.creaton\desktop\ai framework\debug\seekbehaviour.obj
c:\users\james.creaton\desktop\ai framework\debug\spritebatch.obj
c:\users\james.creaton\desktop\ai framework\debug\texture.obj
c:\users\james.creaton\desktop\ai framework\debug\transform.obj
c:\users\james.creaton\desktop\ai framework\debug\wanderbehaviour.obj
c:\users\james.creaton\desktop\ai framework\debug\aabbcollider.obj
c:\users\james.creaton\desktop\ai framework\debug\mathlib.pdb
c:\users\james.creaton\desktop\ai framework\debug\aieopengl.tlog\cl.command.1.tlog
c:\users\james.creaton\desktop\ai framework\debug\aieopengl.tlog\cl.read.1.tlog
c:\users\james.creaton\desktop\ai framework\debug\aieopengl.tlog\cl.write.1.tlog
